# JRE version: OpenJDK Runtime Environment (18.0.1.1+2) (build 18.0.1.1+2-6)
# Java VM: OpenJDK 64-Bit Server VM (18.0.1.1+2-6, mixed mode, sharing, tiered, compressed oops, compressed class ptrs, g1 gc, windows-amd64)
GC Precious Log:
 CardTable entry size: 512
 Card Set container configuration: InlinePtr #cards 4 size 8 Array Of Cards #cards 16 size 48 Howl #buckets 8 coarsen threshold 3686 Howl Bitmap #cards 512 size 80 coarsen threshold 460 Card regions per heap region 1 cards per card region 4096
 CPUs: 12 total, 12 available
 Memory: 15722M
 Large Page Support: Disabled
 NUMA Support: Disabled
 Compressed Oops: Enabled (Zero based)
 Heap Region Size: 2M
 Heap Min Capacity: 8M
 Heap Initial Capacity: 246M
 Heap Max Capacity: 3932M
 Pre-touch: Disabled
 Parallel Workers: 10
 Concurrent Workers: 3
 Concurrent Refinement Workers: 10
 Periodic GC: Disabled
Heap:
 garbage-first heap   total 55296K, used 29488K [0x000000070a400000, 0x0000000800000000)
  region size 2048K, 10 young (20480K), 1 survivors (2048K)
 Metaspace       used 26399K, committed 26752K, reserved 1114112K
  class space    used 3475K, committed 3648K, reserved 1048576K
GC Heap History (10 events):
Event: 0.772 GC heap before
{Heap before GC invocations=0 (full 0):
 garbage-first heap   total 251904K, used 22528K [0x000000070a400000, 0x0000000800000000)
  region size 2048K, 11 young (22528K), 0 survivors (0K)
 Metaspace       used 4309K, committed 4480K, reserved 1114112K
  class space    used 458K, committed 576K, reserved 1048576K
}
Event: 0.776 GC heap after
{Heap after GC invocations=1 (full 0):
 garbage-first heap   total 251904K, used 2912K [0x000000070a400000, 0x0000000800000000)
  region size 2048K, 2 young (4096K), 2 survivors (4096K)
 Metaspace       used 4309K, committed 4480K, reserved 1114112K
  class space    used 458K, committed 576K, reserved 1048576K
}
Event: 1.597 GC heap before
{Heap before GC invocations=1 (full 0):
 garbage-first heap   total 251904K, used 37728K [0x000000070a400000, 0x0000000800000000)
  region size 2048K, 20 young (40960K), 2 survivors (4096K)
 Metaspace       used 13940K, committed 14208K, reserved 1114112K
  class space    used 2030K, committed 2176K, reserved 1048576K
}
Event: 1.606 GC heap after
{Heap after GC invocations=2 (full 0):
 garbage-first heap   total 251904K, used 7820K [0x000000070a400000, 0x0000000800000000)
  region size 2048K, 3 young (6144K), 3 survivors (6144K)
 Metaspace       used 13940K, committed 14208K, reserved 1114112K
  class space    used 2030K, committed 2176K, reserved 1048576K
}
Event: 7.498 GC heap before
{Heap before GC invocations=2 (full 0):
 garbage-first heap   total 251904K, used 24204K [0x000000070a400000, 0x0000000800000000)
  region size 2048K, 11 young (22528K), 3 survivors (6144K)
 Metaspace       used 21214K, committed 21504K, reserved 1114112K
  class space    used 2785K, committed 2944K, reserved 1048576K
}
Event: 7.507 GC heap after
{Heap after GC invocations=3 (full 0):
 garbage-first heap   total 251904K, used 12631K [0x000000070a400000, 0x0000000800000000)
  region size 2048K, 5 young (10240K), 5 survivors (10240K)
 Metaspace       used 21214K, committed 21504K, reserved 1114112K
  class space    used 2785K, committed 2944K, reserved 1048576K
}
Event: 19.316 GC heap before
{Heap before GC invocations=4 (full 0):
 garbage-first heap   total 55296K, used 35159K [0x000000070a400000, 0x0000000800000000)
  region size 2048K, 16 young (32768K), 5 survivors (10240K)
 Metaspace       used 24864K, committed 25216K, reserved 1114112K
  class space    used 3259K, committed 3456K, reserved 1048576K
}
Event: 19.329 GC heap after
{Heap after GC invocations=5 (full 0):
 garbage-first heap   total 55296K, used 14782K [0x000000070a400000, 0x0000000800000000)
  region size 2048K, 2 young (4096K), 2 survivors (4096K)
 Metaspace       used 24864K, committed 25216K, reserved 1114112K
  class space    used 3259K, committed 3456K, reserved 1048576K
}
Event: 19.368 GC heap before
{Heap before GC invocations=5 (full 0):
 garbage-first heap   total 55296K, used 16830K [0x000000070a400000, 0x0000000800000000)
  region size 2048K, 3 young (6144K), 2 survivors (4096K)
 Metaspace       used 24921K, committed 25280K, reserved 1114112K
  class space    used 3263K, committed 3456K, reserved 1048576K
}
Event: 19.378 GC heap after
{Heap after GC invocations=6 (full 0):
 garbage-first heap   total 55296K, used 15152K [0x000000070a400000, 0x0000000800000000)
  region size 2048K, 1 young (2048K), 1 survivors (2048K)
 Metaspace       used 24921K, committed 25280K, reserved 1114112K
  class space    used 3263K, committed 3456K, reserved 1048576K
}

