# JRE version: OpenJDK Runtime Environment (18.0.1.1+2) (build 18.0.1.1+2-6)
# Java VM: OpenJDK 64-Bit Server VM (18.0.1.1+2-6, mixed mode, sharing, tiered, compressed oops, compressed class ptrs, g1 gc, windows-amd64)
GC Precious Log:
 CardTable entry size: 512
 Card Set container configuration: InlinePtr #cards 4 size 8 Array Of Cards #cards 16 size 48 Howl #buckets 8 coarsen threshold 3686 Howl Bitmap #cards 512 size 80 coarsen threshold 460 Card regions per heap region 1 cards per card region 4096
 CPUs: 12 total, 12 available
 Memory: 15722M
 Large Page Support: Disabled
 NUMA Support: Disabled
 Compressed Oops: Enabled (Zero based)
 Heap Region Size: 2M
 Heap Min Capacity: 8M
 Heap Initial Capacity: 246M
 Heap Max Capacity: 3932M
 Pre-touch: Disabled
 Parallel Workers: 10
 Concurrent Workers: 3
 Concurrent Refinement Workers: 10
 Periodic GC: Disabled
Heap:
 garbage-first heap   total 55296K, used 22694K [0x000000070a400000, 0x0000000800000000)
  region size 2048K, 5 young (10240K), 1 survivors (2048K)
 Metaspace       used 26062K, committed 26432K, reserved 1114112K
  class space    used 3461K, committed 3648K, reserved 1048576K
GC Heap History (10 events):
Event: 0.779 GC heap before
{Heap before GC invocations=0 (full 0):
 garbage-first heap   total 251904K, used 22528K [0x000000070a400000, 0x0000000800000000)
  region size 2048K, 11 young (22528K), 0 survivors (0K)
 Metaspace       used 4298K, committed 4480K, reserved 1114112K
  class space    used 457K, committed 576K, reserved 1048576K
}
Event: 0.783 GC heap after
{Heap after GC invocations=1 (full 0):
 garbage-first heap   total 251904K, used 2880K [0x000000070a400000, 0x0000000800000000)
  region size 2048K, 2 young (4096K), 2 survivors (4096K)
 Metaspace       used 4298K, committed 4480K, reserved 1114112K
  class space    used 457K, committed 576K, reserved 1048576K
}
Event: 1.577 GC heap before
{Heap before GC invocations=1 (full 0):
 garbage-first heap   total 251904K, used 39744K [0x000000070a400000, 0x0000000800000000)
  region size 2048K, 20 young (40960K), 2 survivors (4096K)
 Metaspace       used 14013K, committed 14336K, reserved 1114112K
  class space    used 2034K, committed 2176K, reserved 1048576K
}
Event: 1.587 GC heap after
{Heap after GC invocations=2 (full 0):
 garbage-first heap   total 251904K, used 9940K [0x000000070a400000, 0x0000000800000000)
  region size 2048K, 3 young (6144K), 3 survivors (6144K)
 Metaspace       used 14013K, committed 14336K, reserved 1114112K
  class space    used 2034K, committed 2176K, reserved 1048576K
}
Event: 8.297 GC heap before
{Heap before GC invocations=2 (full 0):
 garbage-first heap   total 251904K, used 22228K [0x000000070a400000, 0x0000000800000000)
  region size 2048K, 10 young (20480K), 3 survivors (6144K)
 Metaspace       used 21229K, committed 21504K, reserved 1114112K
  class space    used 2785K, committed 2944K, reserved 1048576K
}
Event: 8.306 GC heap after
{Heap after GC invocations=3 (full 0):
 garbage-first heap   total 251904K, used 12655K [0x000000070a400000, 0x0000000800000000)
  region size 2048K, 5 young (10240K), 5 survivors (10240K)
 Metaspace       used 21229K, committed 21504K, reserved 1114112K
  class space    used 2785K, committed 2944K, reserved 1048576K
}
Event: 10.293 GC heap before
{Heap before GC invocations=4 (full 0):
 garbage-first heap   total 55296K, used 35183K [0x000000070a400000, 0x0000000800000000)
  region size 2048K, 16 young (32768K), 5 survivors (10240K)
 Metaspace       used 25422K, committed 25856K, reserved 1114112K
  class space    used 3375K, committed 3584K, reserved 1048576K
}
Event: 10.310 GC heap after
{Heap after GC invocations=5 (full 0):
 garbage-first heap   total 55296K, used 16054K [0x000000070a400000, 0x0000000800000000)
  region size 2048K, 2 young (4096K), 2 survivors (4096K)
 Metaspace       used 25422K, committed 25856K, reserved 1114112K
  class space    used 3375K, committed 3584K, reserved 1048576K
}
Event: 10.353 GC heap before
{Heap before GC invocations=5 (full 0):
 garbage-first heap   total 55296K, used 18102K [0x000000070a400000, 0x0000000800000000)
  region size 2048K, 3 young (6144K), 2 survivors (4096K)
 Metaspace       used 25747K, committed 26112K, reserved 1114112K
  class space    used 3451K, committed 3648K, reserved 1048576K
}
Event: 10.361 GC heap after
{Heap after GC invocations=6 (full 0):
 garbage-first heap   total 55296K, used 16550K [0x000000070a400000, 0x0000000800000000)
  region size 2048K, 1 young (2048K), 1 survivors (2048K)
 Metaspace       used 25747K, committed 26112K, reserved 1114112K
  class space    used 3451K, committed 3648K, reserved 1048576K
}

